Added Component: Designator=Q1(TO-18)
Added Component: Designator=Q4(TO-18)
Added Component: Designator=U3(ADI-N-8)
Add component (AddParameter): Name = "Amplifiers Per Package"; Value = "1"; VariantName = "[No Variations]"
Add component (AddParameter): Name = "Code_JEDEC"; Value = "MS-001"; VariantName = "[No Variations]"
Add component (AddParameter): Name = "ComponentLink1Description"; Value = "Manufacturer URL"; VariantName = "[No Variations]"
Add component (AddParameter): Name = "ComponentLink1URL"; Value = "http://www.analog.com/en/index.html"; VariantName = "[No Variations]"
Add component (AddParameter): Name = "ComponentLink2Description"; Value = "Datasheet"; VariantName = "[No Variations]"
Add component (AddParameter): Name = "ComponentLink2URL"; Value = "http://www.analog.com/static/imported-files/data_sheets/OP37.pdf"; VariantName = "[No Variations]"
Add component (AddParameter): Name = "ComponentLink3Description"; Value = "Package Specification"; VariantName = "[No Variations]"
Add component (AddParameter): Name = "ComponentLink3URL"; Value = "http:/www.analog.com/static/imported-files/packages/PKG_PDF/PDIP(N)/N_8.pdf"; VariantName = "[No Variations]"
Add component (AddParameter): Name = "DatasheetVersion"; Value = "Rev. B"; VariantName = "[No Variations]"
Add component (AddParameter): Name = "Generic Part Number"; Value = "OP37"; VariantName = "[No Variations]"
Add component (AddParameter): Name = "Input Bias Current"; Value = "15nA"; VariantName = "[No Variations]"
Add component (AddParameter): Name = "Input Offset Voltage"; Value = "30uV"; VariantName = "[No Variations]"
Add component (AddParameter): Name = "Iq/Amp"; Value = "5.67mA"; VariantName = "[No Variations]"
Add component (AddParameter): Name = "Manufacturer"; Value = "Analog Devices"; VariantName = "[No Variations]"
Add component (AddParameter): Name = "Mounting Technology"; Value = "Through Hole"; VariantName = "[No Variations]"
Add component (AddParameter): Name = "PackageDescription"; Value = "8-Pin Plastic Dual In-Line Package, Row spacing 7.62 mm, Pitch 2.54 mm"; VariantName = "[No Variations]"
Add component (AddParameter): Name = "PackageReference"; Value = "N-8"; VariantName = "[No Variations]"
Add component (AddParameter): Name = "PackageVersion"; Value = "070606-A"; VariantName = "[No Variations]"
Add component (AddParameter): Name = "Packing"; Value = "Tube"; VariantName = "[No Variations]"
Add component (AddParameter): Name = "PartNumber"; Value = "OP37GPZ"; VariantName = "[No Variations]"
Add component (AddParameter): Name = "Slew Rate"; Value = "17V/us"; VariantName = "[No Variations]"
Add component (AddParameter): Name = "Small Signal Bandwidth"; Value = "63MHz"; VariantName = "[No Variations]"
Add component (AddParameter): Name = "V Span Max"; Value = "44V"; VariantName = "[No Variations]"
Add component (AddParameter): Name = "V Span Min"; Value = "8V"; VariantName = "[No Variations]"
Added Pin To Net: NetName=VCC+ Pin=Q1-1
Added Pin To Net: NetName=NetQ1_B Pin=Q1-2
Added Pin To Net: NetName=SwitchedVCC+ Pin=Q1-3
Added Pin To Net: NetName=VCC- Pin=Q4-1
Added Pin To Net: NetName=NetQ3_1 Pin=Q4-2
Added Pin To Net: NetName=SwitchedVCC- Pin=Q4-3
Added Pin To Net: NetName=NetRs16_2 Pin=U3-1
Added Pin To Net: NetName=NetRs17_2 Pin=U3-2
Added Pin To Net: NetName=FromDAC Pin=U3-3
Added Pin To Net: NetName=VCC- Pin=U3-4
Added Pin To Net: NetName=NetRs14_2 Pin=U3-6
Added Pin To Net: NetName=VCC+ Pin=U3-7
Added Pin To Net: NetName=NetRs15_2 Pin=U3-8
Added Member To Class: ClassName=transAmpV1_sch Member=Component Q1 2n2906
Added Member To Class: ClassName=transAmpV1_sch Member=Component Q4 2n2221
Added Member To Class: ClassName=transAmpV1_sch Member=Component U3 OP37GPZ
Added Room: Name=transAmpV1_sch
