Change Component Designator: Old Designator=C? New Designator=C1
Change Component Designator: Old Designator=C? New Designator=C2
Change Component Designator: Old Designator=J? New Designator=J1
Change Component Designator: Old Designator=J? New Designator=J2
Change Component Designator: Old Designator=J? New Designator=J3
Change Component Designator: Old Designator=P? New Designator=P1
Change Component Designator: Old Designator=P? New Designator=P2
Change Component Designator: Old Designator=Rs? New Designator=Rs1
Change Component Designator: Old Designator=Rs? New Designator=Rs2
Change Component Designator: Old Designator=Rs? New Designator=Rs3
Change Component Designator: Old Designator=Rs? New Designator=Rs4
Change Component Designator: Old Designator=Rs? New Designator=Rs5
Change Component Designator: Old Designator=Rs? New Designator=Rs6
Change Component Designator: Old Designator=Rs? New Designator=Rs7
Change Component Designator: Old Designator=Rs? New Designator=Rs8
Change Component Designator: Old Designator=Rs? New Designator=Rs9
Change Component Designator: Old Designator=Rs? New Designator=Rs10
Change Component Designator: Old Designator=Rs? New Designator=Rs11
Change Component Designator: Old Designator=Rs? New Designator=Rs12
Change Component Designator: Old Designator=U? New Designator=U1
Change Component Designator: Old Designator=U? New Designator=U2
Change Component Designator: Old Designator=VR? New Designator=VR1
Change Component Designator: Old Designator=VR? New Designator=VR2
